<?xml version="1.0" encoding="UTF-8"?>
<!-- Generated by org.testng.reporters.JUnitReportReporter -->
<testsuite hostname="amlan" failures="0" tests="3" name="TestNg.Demo" time="0.010" errors="0" timestamp="2023-04-24T23:58:35 IST" skipped="0">
  <testcase classname="TestNg.Demo" name="test1" time="0.008"/>
  <system-out/>
  <testcase classname="TestNg.Demo" name="test2" time="0.001"/>
  <system-out/>
  <testcase classname="TestNg.Demo" name="test3" time="0.001"/>
  <system-out/>
</testsuite> <!-- TestNg.Demo -->
