<?xml version="1.0" encoding="UTF-8"?>
<!-- Generated by org.testng.reporters.JUnitReportReporter -->
<testsuite hostname="amlan" failures="0" tests="1" name="ddt.TestScript" time="8.621" errors="0" timestamp="2023-04-25T12:19:39 IST" skipped="0">
  <testcase classname="ddt.TestScript" name="test" time="8.621"/>
  <system-out/>
</testsuite> <!-- ddt.TestScript -->
