<?xml version="1.0" encoding="UTF-8"?>
<!-- Generated by org.testng.reporters.JUnitReportReporter -->
<testsuite hostname="amlan" failures="0" tests="1" name="Dt.Tester" time="0.015" errors="0" timestamp="2023-05-05T23:46:53 IST" skipped="0">
  <testcase classname="Dt.Tester" name="login_script" time="0.015"/>
  <system-out/>
</testsuite> <!-- Dt.Tester -->
