<?xml version="1.0" encoding="UTF-8"?>
<!-- Generated by org.testng.reporters.JUnitReportReporter -->
<testsuite hostname="amlan" failures="0" tests="1" name="ddt.Demo1" time="11.391" errors="0" timestamp="2023-04-25T00:42:41 IST" skipped="0">
  <testcase classname="ddt.Demo1" name="test1" time="11.391"/>
  <system-out/>
</testsuite> <!-- ddt.Demo1 -->
